log4net: log4net assembly [log4net, Version=1.2.13.0, Culture=neutral, PublicKeyToken=669e0ddf0bb1aa2a]. Loaded from [C:\Users\Tamás\AppData\Local\Temp\Temporary ASP.NET Files\root\382b5bc2\9ce4b4dc\assembly\dl3\826b10ff\f83baaa4_9246cf01\log4net.dll]. (.NET Runtime [4.0.30319.34011] on Microsoft Windows NT 6.2.9200.0)
log4net: defaultRepositoryType [log4net.Repository.Hierarchy.Hierarchy]
log4net: Creating repository for assembly [Tax.WebAPI, Version=0.0.0.0, Culture=neutral, PublicKeyToken=null]
log4net: Assembly [Tax.WebAPI, Version=0.0.0.0, Culture=neutral, PublicKeyToken=null] Loaded From [C:\Users\Tamás\AppData\Local\Temp\Temporary ASP.NET Files\root\382b5bc2\9ce4b4dc\assembly\dl3\8360ea56\e4e06133_7661cf01\Tax.WebAPI.dll]
log4net: Assembly [Tax.WebAPI, Version=0.0.0.0, Culture=neutral, PublicKeyToken=null] does not have a RepositoryAttribute specified.
log4net: Assembly [Tax.WebAPI, Version=0.0.0.0, Culture=neutral, PublicKeyToken=null] using repository [log4net-default-repository] and repository type [log4net.Repository.Hierarchy.Hierarchy]
log4net: Creating repository [log4net-default-repository] using type [log4net.Repository.Hierarchy.Hierarchy]
log4net: configuring repository [log4net-default-repository] using .config file section
log4net: Application config file is [C:\OCTO\fuzzy-octo-adventure\Tax.WebAPI\Tax.WebAPI\web.config]
log4net: Configuring Repository [log4net-default-repository]
log4net: Configuration update mode [Merge].
log4net: Logger [root] Level string is [DEBUG].
log4net: Logger [root] level set to [name="DEBUG",value=30000].
log4net: Loading Appender [RollingFile] type: [log4net.Appender.RollingFileAppender]
log4net: Setting Property [File] to String value [Log\WebAPIAuth.log]
log4net: Setting Property [AppendToFile] to Boolean value [True]
log4net: Setting Property [MaximumFileSize] to String value [10MB]
log4net: Setting Property [MaxSizeRollBackups] to Int32 value [5]
log4net: Converter [message] Option [] Format [min=-1,max=2147483647,leftAlign=False]
log4net: Converter [newline] Option [] Format [min=-1,max=2147483647,leftAlign=False]
log4net: Setting Property [ConversionPattern] to String value [%date [%thread] %-5level %logger - %message%newline]
log4net: Converter [date] Option [] Format [min=-1,max=2147483647,leftAlign=False]
log4net: Converter [literal] Option [ [] Format [min=-1,max=2147483647,leftAlign=False]
log4net: Converter [thread] Option [] Format [min=-1,max=2147483647,leftAlign=False]
log4net: Converter [literal] Option [] ] Format [min=-1,max=2147483647,leftAlign=False]
log4net: Converter [level] Option [] Format [min=5,max=2147483647,leftAlign=True]
log4net: Converter [literal] Option [ ] Format [min=-1,max=2147483647,leftAlign=False]
log4net: Converter [logger] Option [] Format [min=-1,max=2147483647,leftAlign=False]
log4net: Converter [literal] Option [ - ] Format [min=-1,max=2147483647,leftAlign=False]
log4net: Converter [message] Option [] Format [min=-1,max=2147483647,leftAlign=False]
log4net: Converter [newline] Option [] Format [min=-1,max=2147483647,leftAlign=False]
log4net: Setting Property [Layout] to object [log4net.Layout.PatternLayout]
log4net: Setting Property [LoggerToMatch] to String value [Tax.Data.Models.ApplicationDbContext]
log4net: Setting Property [AcceptOnMatch] to Boolean value [False]
log4net: Setting Collection Property [AddFilter] to object [log4net.Filter.LoggerMatchFilter]
log4net: Type = [0], r0 = [.1970-01-01], r1 = [.1970-01-01]
log4net: Type = [1], r0 = [.1970-01-01], r1 = [.1970-01-01]
log4net: Type = [2], r0 = [.1970-01-01], r1 = [.1970-01-01]
log4net: Type = [3], r0 = [.1970-01-01], r1 = [.1970-01-02]
log4net: Searched for existing files in [C:\OCTO\fuzzy-octo-adventure\Tax.WebAPI\Tax.WebAPI\Log]
log4net: curSizeRollBackups starts at [0]
log4net: [.2014-04-26] vs. [.2014-04-26]
log4net: Opening file for writing [C:\OCTO\fuzzy-octo-adventure\Tax.WebAPI\Tax.WebAPI\Log\WebAPIAuth.log] append [True]
log4net:ERROR [RollingFileAppender] ErrorCode: GenericFailure. Unable to acquire lock on file C:\OCTO\fuzzy-octo-adventure\Tax.WebAPI\Tax.WebAPI\Log\WebAPIAuth.log. The process cannot access the file 'C:\OCTO\fuzzy-octo-adventure\Tax.WebAPI\Tax.WebAPI\Log\WebAPIAuth.log' because it is being used by another process.
log4net: Created Appender [RollingFile]
log4net: Adding appender named [RollingFile] to logger [root].
log4net: Loading Appender [FunkyAppender] type: [Tax.Log4Net.Appender, Tax.Log4Net]
log4net:ERROR Could not create Appender [FunkyAppender] of type [Tax.Log4Net.Appender, Tax.Log4Net]. Reported error follows.
System.IO.FileNotFoundException: Could not load file or assembly 'Tax.Log4Net' or one of its dependencies. The system cannot find the file specified.
File name: 'Tax.Log4Net'
   at System.RuntimeTypeHandle.GetTypeByName(String name, Boolean throwOnError, Boolean ignoreCase, Boolean reflectionOnly, StackCrawlMarkHandle stackMark, IntPtr pPrivHostBinder, Boolean loadTypeFromPartialName, ObjectHandleOnStack type)
   at System.RuntimeTypeHandle.GetTypeByName(String name, Boolean throwOnError, Boolean ignoreCase, Boolean reflectionOnly, StackCrawlMark& stackMark, IntPtr pPrivHostBinder, Boolean loadTypeFromPartialName)
   at System.RuntimeType.GetType(String typeName, Boolean throwOnError, Boolean ignoreCase, Boolean reflectionOnly, StackCrawlMark& stackMark)
   at System.Type.GetType(String typeName, Boolean throwOnError, Boolean ignoreCase)
   at log4net.Util.SystemInfo.GetTypeFromString(Assembly relativeAssembly, String typeName, Boolean throwOnError, Boolean ignoreCase)
   at log4net.Util.SystemInfo.GetTypeFromString(String typeName, Boolean throwOnError, Boolean ignoreCase)
   at log4net.Repository.Hierarchy.XmlHierarchyConfigurator.ParseAppender(XmlElement appenderElement)

=== Pre-bind state information ===
LOG: DisplayName = Tax.Log4Net
 (Partial)
WRN: Partial binding information was supplied for an assembly:
WRN: Assembly Name: Tax.Log4Net | Domain ID: 9
WRN: A partial bind occurs when only part of the assembly display name is provided.
WRN: This might result in the binder loading an incorrect assembly.
WRN: It is recommended to provide a fully specified textual identity for the assembly,
WRN: that consists of the simple name, version, culture, and public key token.
WRN: See whitepaper http://go.microsoft.com/fwlink/?LinkId=109270 for more information and common solutions to this issue.
LOG: Appbase = file:///C:/OCTO/fuzzy-octo-adventure/Tax.WebAPI/Tax.WebAPI/
LOG: Initial PrivatePath = C:\OCTO\fuzzy-octo-adventure\Tax.WebAPI\Tax.WebAPI\bin
Calling assembly : log4net, Version=1.2.13.0, Culture=neutral, PublicKeyToken=669e0ddf0bb1aa2a.
===
LOG: This bind starts in default load context.
LOG: Using application configuration file: C:\OCTO\fuzzy-octo-adventure\Tax.WebAPI\Tax.WebAPI\web.config
LOG: Using host configuration file: C:\Users\Tamás\Documents\IISExpress\config\aspnet.config
LOG: Using machine configuration file from C:\Windows\Microsoft.NET\Framework\v4.0.30319\config\machine.config.
LOG: Policy not being applied to reference at this time (private, custom, partial, or location-based assembly bind).
LOG: Attempting download of new URL file:///C:/Users/Tamás/AppData/Local/Temp/Temporary ASP.NET Files/root/382b5bc2/9ce4b4dc/Tax.Log4Net.DLL.
LOG: Attempting download of new URL file:///C:/Users/Tamás/AppData/Local/Temp/Temporary ASP.NET Files/root/382b5bc2/9ce4b4dc/Tax.Log4Net/Tax.Log4Net.DLL.
LOG: Attempting download of new URL file:///C:/OCTO/fuzzy-octo-adventure/Tax.WebAPI/Tax.WebAPI/bin/Tax.Log4Net.DLL.
LOG: Attempting download of new URL file:///C:/OCTO/fuzzy-octo-adventure/Tax.WebAPI/Tax.WebAPI/bin/Tax.Log4Net/Tax.Log4Net.DLL.
LOG: Attempting download of new URL file:///C:/Users/Tamás/AppData/Local/Temp/Temporary ASP.NET Files/root/382b5bc2/9ce4b4dc/Tax.Log4Net.EXE.
LOG: Attempting download of new URL file:///C:/Users/Tamás/AppData/Local/Temp/Temporary ASP.NET Files/root/382b5bc2/9ce4b4dc/Tax.Log4Net/Tax.Log4Net.EXE.
LOG: Attempting download of new URL file:///C:/OCTO/fuzzy-octo-adventure/Tax.WebAPI/Tax.WebAPI/bin/Tax.Log4Net.EXE.
LOG: Attempting download of new URL file:///C:/OCTO/fuzzy-octo-adventure/Tax.WebAPI/Tax.WebAPI/bin/Tax.Log4Net/Tax.Log4Net.EXE.

log4net:ERROR Appender named [FunkyAppender] not found.
log4net: Hierarchy Threshold []
log4net: Opening file for writing [C:\OCTO\fuzzy-octo-adventure\Tax.WebAPI\Tax.WebAPI\Log\WebAPIAuth.log] append [True]
log4net: Creating repository for assembly [Tax.Data, Version=0.0.0.0, Culture=neutral, PublicKeyToken=null]
log4net: Assembly [Tax.Data, Version=0.0.0.0, Culture=neutral, PublicKeyToken=null] Loaded From [C:\Users\Tamás\AppData\Local\Temp\Temporary ASP.NET Files\root\382b5bc2\9ce4b4dc\assembly\dl3\79bd174c\459d6881_a360cf01\Tax.Data.dll]
log4net: Assembly [Tax.Data, Version=0.0.0.0, Culture=neutral, PublicKeyToken=null] does not have a RepositoryAttribute specified.
log4net: Assembly [Tax.Data, Version=0.0.0.0, Culture=neutral, PublicKeyToken=null] using repository [log4net-default-repository] and repository type [log4net.Repository.Hierarchy.Hierarchy]
log4net: repository [log4net-default-repository] already exists, using repository type [log4net.Repository.Hierarchy.Hierarchy]
log4net: Opening file for writing [C:\OCTO\fuzzy-octo-adventure\Tax.WebAPI\Tax.WebAPI\Log\WebAPIAuth.log] append [True]
log4net: Opening file for writing [C:\OCTO\fuzzy-octo-adventure\Tax.WebAPI\Tax.WebAPI\Log\WebAPIAuth.log] append [True]
log4net: Shutdown called on Hierarchy [log4net-default-repository]
